<?xml version="1.0" encoding="UTF-8"?>
<testng-results skipped="0" failed="0" ignored="0" total="1" passed="1">
  <reporter-output>
  </reporter-output>
  <suite name="Default suite" duration-ms="40603" started-at="2020-01-20T16:10:05 EST" finished-at="2020-01-20T16:10:46 EST">
    <groups>
      <group name="regression">
        <method signature="HwTestPages.verifyEmployee()[pri:0, instance:com.hrms.testcases.HwTestPages@cd2dae5]" name="verifyEmployee" class="com.hrms.testcases.HwTestPages"/>
      </group> <!-- regression -->
    </groups>
    <test name="Default test" duration-ms="40603" started-at="2020-01-20T16:10:05 EST" finished-at="2020-01-20T16:10:46 EST">
      <class name="com.hrms.testcases.HwTestPages">
        <test-method status="PASS" signature="setUp()[pri:0, instance:com.hrms.testcases.HwTestPages@cd2dae5]" name="setUp" is-config="true" duration-ms="17871" started-at="2020-01-20T16:10:05 EST" finished-at="2020-01-20T16:10:23 EST">
          <reporter-output>
          </reporter-output>
        </test-method> <!-- setUp -->
        <test-method status="PASS" signature="verifyEmployee()[pri:0, instance:com.hrms.testcases.HwTestPages@cd2dae5]" name="verifyEmployee" duration-ms="21882" started-at="2020-01-20T16:10:23 EST" finished-at="2020-01-20T16:10:45 EST">
          <reporter-output>
          </reporter-output>
        </test-method> <!-- verifyEmployee -->
        <test-method status="PASS" signature="tearDown()[pri:0, instance:com.hrms.testcases.HwTestPages@cd2dae5]" name="tearDown" is-config="true" duration-ms="796" started-at="2020-01-20T16:10:45 EST" finished-at="2020-01-20T16:10:46 EST">
          <reporter-output>
          </reporter-output>
        </test-method> <!-- tearDown -->
      </class> <!-- com.hrms.testcases.HwTestPages -->
    </test> <!-- Default test -->
  </suite> <!-- Default suite -->
</testng-results>
